Traceback (most recent call last):
  File "c:\users\dfbb2\desktop\davidbautista_blog\venv\lib\site-packages\jupyter_cache\executors\utils.py", line 51, in single_nb_execution
    executenb(
  File "c:\users\dfbb2\desktop\davidbautista_blog\venv\lib\site-packages\nbclient\client.py", line 1204, in execute
    return NotebookClient(nb=nb, resources=resources, km=km, **kwargs).execute()
  File "c:\users\dfbb2\desktop\davidbautista_blog\venv\lib\site-packages\nbclient\util.py", line 84, in wrapped
    return just_run(coro(*args, **kwargs))
  File "c:\users\dfbb2\desktop\davidbautista_blog\venv\lib\site-packages\nbclient\util.py", line 62, in just_run
    return loop.run_until_complete(coro)
  File "C:\Program Files\Python39\lib\asyncio\base_events.py", line 642, in run_until_complete
    return future.result()
  File "c:\users\dfbb2\desktop\davidbautista_blog\venv\lib\site-packages\nbclient\client.py", line 663, in async_execute
    await self.async_execute_cell(
  File "c:\users\dfbb2\desktop\davidbautista_blog\venv\lib\site-packages\nbclient\client.py", line 965, in async_execute_cell
    await self._check_raise_for_error(cell, cell_index, exec_reply)
  File "c:\users\dfbb2\desktop\davidbautista_blog\venv\lib\site-packages\nbclient\client.py", line 862, in _check_raise_for_error
    raise CellExecutionError.from_cell_and_msg(cell, exec_reply_content)
nbclient.exceptions.CellExecutionError: An error occurred while executing the following cell:
------------------
# Modulos  para manejo de datos
import numpy as np 
import pandas as pd 

# Modulo para generar parametros de la funcion de relación
from sklearn.linear_model import LinearRegression

# Modulos para graficar 
import seaborn as sns
import matplotlib.pyplot as plt

# Modulo para la creación del gif 
import imageio

------------------

[1;31m---------------------------------------------------------------------------[0m
[1;31mModuleNotFoundError[0m                       Traceback (most recent call last)
Input [1;32mIn [1][0m, in [0;36m<cell line: 13>[1;34m()[0m
[0;32m     10[0m [38;5;28;01mimport[39;00m [38;5;21;01mmatplotlib[39;00m[38;5;21;01m.[39;00m[38;5;21;01mpyplot[39;00m [38;5;28;01mas[39;00m [38;5;21;01mplt[39;00m
[0;32m     12[0m [38;5;66;03m# Modulo para la creación del gif [39;00m
[1;32m---> 13[0m [38;5;28;01mimport[39;00m [38;5;21;01mimageio[39;00m

[1;31mModuleNotFoundError[0m: No module named 'imageio'
ModuleNotFoundError: No module named 'imageio'

